<?xml version="1.0" encoding="UTF-8"?>
<!-- Generated by org.testng.reporters.JUnitReportReporter -->
<testsuite hostname="DESKTOP-21DTESI" failures="0" tests="6" name="com.qa.opencart.tests.AccountPageTest" time="18.700" errors="0" timestamp="20 Mar 2024 20:06:23 GMT" skipped="0">
  <testcase classname="com.qa.opencart.tests.AccountPageTest" name="accountPageNavigationTest" time="2.048"/>
  <testcase classname="com.qa.opencart.tests.AccountPageTest" name="verifyAddProductToCartTest" time="1.694"/>
  <testcase classname="com.qa.opencart.tests.AccountPageTest" name="verifyRemoveProductFromCart" time="3.025"/>
  <testcase classname="com.qa.opencart.tests.AccountPageTest" name="verifyEditAccountInformation" time="4.792"/>
  <testcase classname="com.qa.opencart.tests.AccountPageTest" name="verifyAddNewAddress" time="2.865"/>
  <testcase classname="com.qa.opencart.tests.AccountPageTest" name="verifyDeleteAddress" time="4.276"/>
</testsuite> <!-- com.qa.opencart.tests.AccountPageTest -->
