<?xml version="1.0" encoding="UTF-8"?>
<!-- Generated by org.testng.reporters.JUnitReportReporter -->
<testsuite hostname="DESKTOP-21DTESI" failures="0" tests="3" name="com.qa.opencart.tests.HomePageTest" time="1.089" errors="0" timestamp="20 Mar 2024 20:06:23 GMT" skipped="0">
  <testcase classname="com.qa.opencart.tests.HomePageTest" name="homePageURLTest" time="0.000"/>
  <testcase classname="com.qa.opencart.tests.HomePageTest" name="homePageTitleTest" time="0.026"/>
  <testcase classname="com.qa.opencart.tests.HomePageTest" name="searchTest" time="1.063"/>
</testsuite> <!-- com.qa.opencart.tests.HomePageTest -->
